{
  "stats": {
    "suites": 1,
    "tests": 1,
    "passes": 1,
    "pending": 0,
    "failures": 0,
    "start": "2020-07-20T10:45:42.220Z",
    "end": "2020-07-20T10:46:01.260Z",
    "duration": 19040,
    "testsRegistered": 1,
    "passPercent": 100,
    "pendingPercent": 0,
    "other": 0,
    "hasOther": false,
    "skipped": 0,
    "hasSkipped": false
  },
  "results": [
    {
      "uuid": "a5706025-d68f-4d18-bdab-b717e3249bed",
      "title": "",
      "fullFile": "cypress\\integration\\examples\\TestFramework.js",
      "file": "cypress\\integration\\examples\\TestFramework.js",
      "beforeHooks": [],
      "afterHooks": [],
      "tests": [],
      "suites": [
        {
          "uuid": "d739b14e-4636-434d-af6c-923e0957dd02",
          "title": "Test suite",
          "fullFile": "",
          "file": "",
          "beforeHooks": [],
          "afterHooks": [],
          "tests": [
            {
              "title": "Framework Test Case",
              "fullTitle": "Test suite Framework Test Case",
              "timedOut": null,
              "duration": 15545,
              "state": "passed",
              "speed": "slow",
              "pass": true,
              "fail": false,
              "pending": false,
              "context": null,
              "code": "var homepage = new _Homepage[\"default\"]();\nvar productpage = new _Productpage[\"default\"]();\nvar checkoutpage = new _CheckoutPage[\"default\"]();\nvar confirmpage = new _Confirmationpage[\"default\"]();\ncy.visit(Cypress.env('url') + \"angularpractice/\");\nhomepage.getname().type(this.data.name);\nhomepage.getemail().type(this.data.email);\nhomepage.getpassword().type(this.data.password);\nhomepage.getcheckbox().click();\nhomepage.getgender().select(this.data.gender);\nhomepage.getradio().click();\nhomepage.getsubmitbtn().click();\ncy.get('.alert').invoke('text').then(function (sucesstext) {\n  expect(sucesstext).to.contain('Success!');\n});\nhomepage.gettwowaybinding().should('have.value', this.data.name);\nhomepage.getname().should('have.attr', 'minlength', '2');\nhomepage.getentrepreneur().should('be.disabled');\nhomepage.getshopbtn().click();\nthis.data.productname.forEach(function (element) {\n  cy.selectproduct(element);\n});\nproductpage.getcheckoutbtn().click();\nproductpage.verifytotal();\ncheckoutpage.getcheckoutbtn2().click();\nconfirmpage.getcountryinput().type('India');\nCypress.config('defaultCommandTimeout', 8000);\nconfirmpage.getselect_country();\nconfirmpage.getagreementcheckbox().click({\n  force: true\n});\nconfirmpage.getpurchasebtn().click();\ncy.get('.alert').then(function (element) {\n  var actualtext = element.text();\n  expect(actualtext.includes('Success!')).to.be[\"true\"];\n});",
              "err": {},
              "uuid": "8f905881-25c3-4076-8147-2d0530f0e236",
              "parentUUID": "d739b14e-4636-434d-af6c-923e0957dd02",
              "isHook": false,
              "skipped": false
            }
          ],
          "suites": [],
          "passes": [
            "8f905881-25c3-4076-8147-2d0530f0e236"
          ],
          "failures": [],
          "pending": [],
          "skipped": [],
          "duration": 15545,
          "root": false,
          "rootEmpty": false,
          "_timeout": 2000
        }
      ],
      "passes": [],
      "failures": [],
      "pending": [],
      "skipped": [],
      "duration": 0,
      "root": true,
      "rootEmpty": true,
      "_timeout": 2000
    }
  ],
  "meta": {
    "mocha": {
      "version": "7.0.1"
    },
    "mochawesome": {
      "options": {
        "quiet": false,
        "reportFilename": "mochawesome",
        "saveHtml": true,
        "saveJson": true,
        "consoleReporter": "spec",
        "useInlineDiffs": false,
        "code": true
      },
      "version": "6.1.1"
    },
    "marge": {
      "options": null,
      "version": "5.1.0"
    }
  }
}